make all --print-data-base --no-builtin-variables --no-builtin-rules --question
# GNU Make 4.3
# Built for x86_64-pc-linux-gnu
# Copyright (C) 1988-2020 Free Software Foundation, Inc.
# License GPLv3+: GNU GPL version 3 or later <http://gnu.org/licenses/gpl.html>
# This is free software: you are free to change and redistribute it.
# There is NO WARRANTY, to the extent permitted by law.
 

# Make data base, printed on Thu Feb 24 20:22:28 2022

# Variables

# environment
GDK_BACKEND = x11
# environment
LC_ALL = C
# environment
NO_AT_BRIDGE = 1
# environment
VSCODE_IPC_HOOK_EXTHOST = /run/user/1000/vscode-ipc-bd23587d-ca1c-4eae-b83e-cf6a6a4679ac.sock
# environment
LC_NAME = en_US.UTF-8
# environment
LC_NUMERIC = en_US.UTF-8
# environment
VSCODE_CWD = /home/glenmerlin/CS 235/CS235Lab6
# environment
LESS_TERMCAP_me = [0m
# environment
LC_ADDRESS = en_US.UTF-8
# environment
GDM_LANG = en_US.UTF-8
# default
MAKE_COMMAND := make
# automatic
@D = $(patsubst %/,%,$(dir $@))
# environment
VSCODE_HANDLES_UNCAUGHT_ERRORS = true
# default
.VARIABLES := 
# environment
PWD = /home/glenmerlin/CS 235/CS235Lab6
# automatic
%D = $(patsubst %/,%,$(dir $%))
# environment
MAIL = /var/spool/mail/glenmerlin
# environment
XDG_DATA_DIRS = /home/glenmerlin/.local/share/flatpak/exports/share:/var/lib/flatpak/exports/share:/usr/local/share/:/usr/share/:/var/lib/snapd/desktop
# environment
OLDPWD = /home/glenmerlin/CS 235/CS235Lab6
# automatic
^D = $(patsubst %/,%,$(dir $^))
# environment
VSCODE_LOG_STACK = false
# automatic
%F = $(notdir $%)
# environment
VSCODE_CODE_CACHE_PATH = /home/glenmerlin/.config/Code/CachedData/f80445acd5a3dadef24aa209168452a3d97cc326
# environment
LANG = C
# environment
XAUTHORITY = /run/user/1000/.mutter-Xwaylandauth.BYUCI1
# default
.LOADED := 
# environment
LESS_TERMCAP_md = [01;32m
# default
.INCLUDE_DIRS = /usr/include /usr/local/include /usr/include
# environment
GNOME_TERMINAL_SERVICE = :1.336
# makefile
MAKEFLAGS = pqrR
# environment
LESS_TERMCAP_so = [01;47;34m
# environment
DBUS_STARTER_ADDRESS = unix:path=/run/user/1000/bus,guid=a746f4bbd7e609ad192d2dd5621831c9
# makefile
CURDIR := /home/glenmerlin/CS 235/CS235Lab6
# environment
VSCODE_PIPE_LOGGING = true
# environment
APPLICATION_INSIGHTS_NO_DIAGNOSTIC_CHANNEL = true
# automatic
*D = $(patsubst %/,%,$(dir $*))
# environment
LESS_TERMCAP_ue = [0m
# environment
MFLAGS = -pqrR
# environment
SSH_AUTH_SOCK = /run/user/1000/keyring/ssh
# default
.SHELLFLAGS := -c
# environment
WAYLAND_DISPLAY = wayland-0
# automatic
+D = $(patsubst %/,%,$(dir $+))
# environment
XDG_SESSION_DESKTOP = gnome
# environment
VSCODE_CRASH_REPORTER_START_OPTIONS = {"companyName":"Microsoft","productName":"VSCode","submitURL":"appcenter://code?aid=fba07a4d-84bd-4fc8-a125-9640fc8ce171&uid=e7b28fe2-bde8-476e-a6d3-54c9a93b85a6&iid=e7b28fe2-bde8-476e-a6d3-54c9a93b85a6&sid=e7b28fe2-bde8-476e-a6d3-54c9a93b85a6","uploadToServer":true}
# makefile (from 'makefile', line 1)
MAKEFILE_LIST := makefile
# automatic
@F = $(notdir $@)
# environment
VSCODE_VERBOSE_LOGGING = true
# environment
VSCODE_PID = 27642
# environment
MOZ_ENABLE_WAYLAND = 1
# environment
XDG_SESSION_TYPE = wayland
# automatic
?D = $(patsubst %/,%,$(dir $?))
# environment
SESSION_MANAGER = local/Hyperion:@/tmp/.ICE-unix/2805,unix/Hyperion:/tmp/.ICE-unix/2805
# automatic
*F = $(notdir $*)
# environment
QT_QPA_PLATFORMTHEME = qt5ct
# environment
CHROME_DESKTOP = code-url-handler.desktop
# environment
INSIDE_NAUTILUS_PYTHON = 
# environment
DBUS_SESSION_BUS_ADDRESS = unix:path=/run/user/1000/bus,guid=a746f4bbd7e609ad192d2dd5621831c9
# automatic
<D = $(patsubst %/,%,$(dir $<))
# environment
VSCODE_NLS_CONFIG = {"locale":"en-us","availableLanguages":{},"_languagePackSupport":true}
# environment
BREAKPAD_DUMP_LOCATION = /home/glenmerlin/.config/Code/exthost Crash Reports
# default
MAKE_HOST := x86_64-pc-linux-gnu
# makefile
SHELL = /bin/sh
# environment
LESS_TERMCAP_us = [01;36m
# default
MAKECMDGOALS := all
# environment
XMODIFIERS = @im=ibus
# environment
SHLVL = 2
# environment
GNOME_TERMINAL_SCREEN = /org/gnome/Terminal/screen/db5e5cd5_adb2_4d84_8496_2b08a5a8fb76
# environment
MAKELEVEL := 0
# default
MAKE = $(MAKE_COMMAND)
# environment
PATH = /home/glenmerlin/.local/bin:/home/glenmerlin/.local/bin:/usr/local/bin:/usr/bin:/var/lib/snapd/snap/bin:/usr/local/sbin:/var/lib/flatpak/exports/bin:/usr/lib/jvm/default/bin:/usr/bin/site_perl:/usr/bin/vendor_perl:/usr/bin/core_perl:/usr/lib/jvm/default/bin
# environment
LESS_TERMCAP_se = [0m
# default
MAKEFILES := 
# environment
LC_MONETARY = en_US.UTF-8
# environment
MOTD_SHOWN = pam
# automatic
^F = $(notdir $^)
# environment
LC_TIME = en_US.UTF-8
# environment
LESS_TERMCAP_mb = [01;32m
# environment
VSCODE_LOG_NATIVE = false
# environment
USERNAME = glenmerlin
# environment
GNOME_SETUP_DISPLAY = :1
# environment
LC_TELEPHONE = en_US.UTF-8
# automatic
?F = $(notdir $?)
# environment
XDG_CURRENT_DESKTOP = GNOME
# automatic
+F = $(notdir $+)
# environment
LESS = -R
# environment
DESKTOP_SESSION = gnome
# environment
ORIGINAL_XDG_CURRENT_DESKTOP = GNOME
# 'override' directive
GNUMAKEFLAGS := 
# environment
LOGNAME = glenmerlin
# makefile
.DEFAULT_GOAL := all
# environment
SYSTEMD_EXEC_PID = 2805
# environment
EDITOR = /usr/bin/nano
# environment
DISPLAY = :0
# environment
USER = glenmerlin
# default
MAKE_VERSION := 4.3
# environment
DBUS_STARTER_BUS_TYPE = session
# environment
LC_MEASUREMENT = en_US.UTF-8
# environment
_ = /usr/bin/make
# environment
LC_PAPER = en_US.UTF-8
# environment
XDG_RUNTIME_DIR = /run/user/1000
# environment
COLORTERM = truecolor
# environment
XDG_SESSION_CLASS = user
# environment
VSCODE_AMD_ENTRYPOINT = vs/workbench/services/extensions/node/extensionHostProcess
# environment
HOME = /home/glenmerlin
# environment
QT_IM_MODULE = ibus
# environment
ELECTRON_RUN_AS_NODE = 1
# environment
VSCODE_IPC_HOOK = /run/user/1000/vscode-88d892f8-1.64.2-main.sock
# environment
TERM = xterm-256color
 
# default
.RECIPEPREFIX := 
# automatic
<F = $(notdir $<)
# default
SUFFIXES := 
# environment
QT_AUTO_SCREEN_SCALE_FACTOR = 1
# environment
VSCODE_CLI = 1
# environment
ELECTRON_NO_ATTACH_CONSOLE = 1
# environment
VTE_VERSION = 6602
# default
.FEATURES := target-specific order-only second-expansion else-if shortest-stem undefine oneshell nocomment grouped-target extra-prereqs archives jobserver output-sync check-symlink guile load
# environment
XDG_MENU_PREFIX = gnome-
# environment
GDMSESSION = gnome
# environment
PKGFILE_PROMPT_INSTALL_MISSING = 1
# environment
LC_IDENTIFICATION = en_US.UTF-8
# variable set hash-table stats:
# Load=120/1024=12%, Rehash=0, Collisions=23/153=15%

# Pattern-specific Variable Values

# No pattern-specific variable values.

# Directories

# . (device 2084, inode 5997730): 28 files, no impossibilities.

# 28 files, no impossibilities in 1 directories.

# Implicit Rules

# No implicit rules.

# Files

# Not a target:
.DEFAULT:
#  Implicit rule search has not been done.
#  Modification time never checked.
#  File has not been updated.

all:
#  Command line target.
#  Implicit rule search has not been done.
#  Implicit/static pattern stem: ''
#  File does not exist.
#  File has been updated.
#  Needs to be updated (-q is set).
# automatic
# @ := all
# automatic
# * := 
# automatic
# < := 
# automatic
# + := 
# automatic
# % := 
# automatic
# ^ := 
# automatic
# ? := 
# automatic
# | := 
# variable set hash-table stats:
# Load=8/32=25%, Rehash=0, Collisions=1/11=9%
#  recipe to execute (from 'makefile', line 2):
	g++ -g main.cpp -o linked_list

# Not a target:
makefile:
#  Implicit rule search has been done.
#  Last modified 2022-02-24 20:15:38.71844798
#  File has been updated.
#  Successfully updated.

# Not a target:
.SUFFIXES:
#  Implicit rule search has not been done.
#  Modification time never checked.
#  File has not been updated.

# files hash-table stats:
# Load=4/1024=0%, Rehash=0, Collisions=0/16=0%
# VPATH Search Paths

# No 'vpath' search paths.

# No general ('VPATH' variable) search path.

# strcache buffers: 1 (0) / strings = 33 / storage = 374 B / avg = 11 B
# current buf: size = 8162 B / used = 374 B / count = 33 / avg = 11 B

# strcache performance: lookups = 40 / hit rate = 17%
# hash-table stats:
# Load=33/8192=0%, Rehash=0, Collisions=0/40=0%
# Finished Make data base on Thu Feb 24 20:22:28 2022

 
